[2m2026-05-24T21:20:42.035892Z[0m [32m INFO[0m [2moxiterm_cli[0m[2m:[0m Serving examples/hello.thtml on 0.0.0.0:8022 (web on port 8080)
[2m2026-05-24T21:20:42.036018Z[0m [32m INFO[0m [2moxiterm_server::loader[0m[2m:[0m Loading THTML file: "examples/hello.thtml"
[2m2026-05-24T21:20:42.047128Z[0m [32m INFO[0m [2moxiterm_cli[0m[2m:[0m Hot Reload active for examples/hello.thtml
[2m2026-05-24T21:20:42.048143Z[0m [32m INFO[0m [2moxiterm_server::ssh[0m[2m:[0m SSH server listening on 0.0.0.0:8022
[2m2026-05-24T21:20:42.048647Z[0m [32m INFO[0m [2moxiterm_server::web::web_impl[0m[2m:[0m Web/WS server listening on http://0.0.0.0:8080
[2m2026-05-24T21:20:47.544750Z[0m [32m INFO[0m [2moxiterm_server::ssh::server[0m[2m:[0m Auth attempt for user: slavekm with key: Ed25519(VerifyingKey(CompressedEdwardsY: [159, 239, 27, 110, 30, 15, 237, 70, 69, 30, 6, 1, 242, 118, 229, 21, 41, 122, 142, 70, 112, 245, 124, 70, 99, 216, 238, 191, 209, 206, 122, 130]), EdwardsPoint{
	X: FieldElement51([1498074544495097, 1201466469330916, 1364150835030348, 1291080808227433, 1113144886650040]),
	Y: FieldElement51([1423998254313375, 1759359328102621, 626621305820635, 1180477104502819, 43623665893101]),
	Z: FieldElement51([1, 0, 0, 0, 0]),
	T: FieldElement51([1325389107431585, 1921302150132869, 105712471900020, 986419686018321, 43406899225548])
}))
[2m2026-05-24T21:20:47.545419Z[0m [32m INFO[0m [2moxiterm_server::ssh::server[0m[2m:[0m Opening session on channel: 2
[2m2026-05-24T21:20:47.546815Z[0m [32m INFO[0m [2moxiterm_server::ssh::server[0m[2m:[0m PTY request for channel ChannelId(2): 100x36 (term: xterm-kitty)
[2m2026-05-24T21:20:47.547185Z[0m [32m INFO[0m [2moxiterm_server::ssh::server[0m[2m:[0m Shell request on channel: ChannelId(2)
[2m2026-05-24T21:20:47.547841Z[0m [32m INFO[0m [2moxiterm_server::session[0m[2m:[0m AnsiFrameSink::setup called
[2m2026-05-24T21:20:47.547922Z[0m [32m INFO[0m [2moxiterm_server::session[0m[2m:[0m Reactor notified resize to 100x36
[2m2026-05-24T21:20:47.552668Z[0m [32m INFO[0m [2moxiterm_server::ssh::server[0m[2m:[0m SSH Data received on channel ChannelId(2): len=19, bytes=[27, 91, 63, 54, 50, 59, 99, 27, 95, 71, 105, 61, 51, 49, 59, 79, 75, 27, 92]
[2m2026-05-24T21:20:47.552900Z[0m [32m INFO[0m [2moxiterm_server::session[0m[2m:[0m Received DA1 response: \x1b[?62;c
[2m2026-05-24T21:20:47.552979Z[0m [32m INFO[0m [2moxiterm_server::session[0m[2m:[0m Received DA1 response: \x1b_Gi=31;OK\x1b\
[2m2026-05-24T21:20:47.731698Z[0m [32m INFO[0m [2moxiterm_server::session[0m[2m:[0m send_frame: commands count = 3785, graphics count = 0, transitioning_graphics_cleanup = false
[2m2026-05-24T21:20:47.732311Z[0m [32m INFO[0m [2moxiterm_server::session[0m[2m:[0m send_frame: encoded ANSI size = 7440 bytes
[2m2026-05-24T21:20:47.732420Z[0m [32m INFO[0m [2moxiterm_server::session[0m[2m:[0m send_frame: successfully sent frame (7456 bytes) to output_tx
[2m2026-05-24T21:20:47.737683Z[0m [32m INFO[0m [2moxiterm_server::session[0m[2m:[0m Resized session 0 to PtyDimensions { cols: 100, rows: 36 }
[2m2026-05-24T21:20:47.913375Z[0m [32m INFO[0m [2moxiterm_server::session[0m[2m:[0m send_frame: commands count = 3785, graphics count = 0, transitioning_graphics_cleanup = false
[2m2026-05-24T21:20:47.913936Z[0m [32m INFO[0m [2moxiterm_server::session[0m[2m:[0m send_frame: encoded ANSI size = 7440 bytes
[2m2026-05-24T21:20:47.914013Z[0m [32m INFO[0m [2moxiterm_server::session[0m[2m:[0m send_frame: successfully sent frame (7456 bytes) to output_tx
