[2m2026-05-24T21:20:56.605985Z[0m [32m INFO[0m [2moxiterm_cli[0m[2m:[0m Serving examples/media_demo.thtml on 0.0.0.0:8022 (web on port 8080)
[2m2026-05-24T21:20:56.606428Z[0m [32m INFO[0m [2moxiterm_server::loader[0m[2m:[0m Loading THTML file: "examples/media_demo.thtml"
[2m2026-05-24T21:20:56.619817Z[0m [32m INFO[0m [2moxiterm_cli[0m[2m:[0m Hot Reload active for examples/media_demo.thtml
[2m2026-05-24T21:20:56.620759Z[0m [32m INFO[0m [2moxiterm_server::web::web_impl[0m[2m:[0m Web/WS server listening on http://0.0.0.0:8080
[2m2026-05-24T21:20:56.621557Z[0m [32m INFO[0m [2moxiterm_server::ssh[0m[2m:[0m SSH server listening on 0.0.0.0:8022
[2m2026-05-24T21:21:02.111701Z[0m [32m INFO[0m [2moxiterm_server::ssh::server[0m[2m:[0m Auth attempt for user: slavekm with key: Ed25519(VerifyingKey(CompressedEdwardsY: [159, 239, 27, 110, 30, 15, 237, 70, 69, 30, 6, 1, 242, 118, 229, 21, 41, 122, 142, 70, 112, 245, 124, 70, 99, 216, 238, 191, 209, 206, 122, 130]), EdwardsPoint{
	X: FieldElement51([1498074544495097, 1201466469330916, 1364150835030348, 1291080808227433, 1113144886650040]),
	Y: FieldElement51([1423998254313375, 1759359328102621, 626621305820635, 1180477104502819, 43623665893101]),
	Z: FieldElement51([1, 0, 0, 0, 0]),
	T: FieldElement51([1325389107431585, 1921302150132869, 105712471900020, 986419686018321, 43406899225548])
}))
[2m2026-05-24T21:21:02.112654Z[0m [32m INFO[0m [2moxiterm_server::ssh::server[0m[2m:[0m Opening session on channel: 2
[2m2026-05-24T21:21:02.113755Z[0m [32m INFO[0m [2moxiterm_server::ssh::server[0m[2m:[0m PTY request for channel ChannelId(2): 100x36 (term: xterm-kitty)
[2m2026-05-24T21:21:02.113979Z[0m [32m INFO[0m [2moxiterm_server::ssh::server[0m[2m:[0m Shell request on channel: ChannelId(2)
[2m2026-05-24T21:21:02.114526Z[0m [32m INFO[0m [2moxiterm_server::session[0m[2m:[0m AnsiFrameSink::setup called
[2m2026-05-24T21:21:02.114607Z[0m [32m INFO[0m [2moxiterm_server::session[0m[2m:[0m Reactor notified resize to 100x36
[2m2026-05-24T21:21:02.119004Z[0m [32m INFO[0m [2moxiterm_server::ssh::server[0m[2m:[0m SSH Data received on channel ChannelId(2): len=19, bytes=[27, 91, 63, 54, 50, 59, 99, 27, 95, 71, 105, 61, 51, 49, 59, 79, 75, 27, 92]
[2m2026-05-24T21:21:02.119292Z[0m [32m INFO[0m [2moxiterm_server::session[0m[2m:[0m Received DA1 response: \x1b[?62;c
[2m2026-05-24T21:21:02.119347Z[0m [32m INFO[0m [2moxiterm_server::session[0m[2m:[0m Received DA1 response: \x1b_Gi=31;OK\x1b\
[2m2026-05-24T21:21:03.201084Z[0m [32m INFO[0m [2moxiterm_server::session[0m[2m:[0m send_frame: commands count = 3426, graphics count = 3, transitioning_graphics_cleanup = false
[2m2026-05-24T21:21:03.201650Z[0m [32m INFO[0m [2moxiterm_server::session[0m[2m:[0m send_frame: encoded ANSI size = 8781 bytes
[2m2026-05-24T21:21:03.201769Z[0m [32m INFO[0m [2moxiterm_server::session[0m[2m:[0m send_frame: successfully sent frame (120533 bytes) to output_tx
[2m2026-05-24T21:21:03.268040Z[0m [32m INFO[0m [2moxiterm_server::session[0m[2m:[0m Resized session 0 to PtyDimensions { cols: 100, rows: 36 }
[2m2026-05-24T21:21:03.445509Z[0m [32m INFO[0m [2moxiterm_server::session[0m[2m:[0m send_frame: commands count = 3426, graphics count = 3, transitioning_graphics_cleanup = false
[2m2026-05-24T21:21:03.446073Z[0m [32m INFO[0m [2moxiterm_server::session[0m[2m:[0m send_frame: encoded ANSI size = 8781 bytes
[2m2026-05-24T21:21:03.446187Z[0m [32m INFO[0m [2moxiterm_server::session[0m[2m:[0m send_frame: successfully sent frame (120573 bytes) to output_tx
[2m2026-05-24T21:21:03.689898Z[0m [32m INFO[0m [2moxiterm_server::session[0m[2m:[0m send_frame: commands count = 0, graphics count = 3, transitioning_graphics_cleanup = false
[2m2026-05-24T21:21:03.689982Z[0m [32m INFO[0m [2moxiterm_server::session[0m[2m:[0m send_frame: encoded ANSI size = 0 bytes
[2m2026-05-24T21:21:03.690095Z[0m [32m INFO[0m [2moxiterm_server::session[0m[2m:[0m send_frame: successfully sent frame (111792 bytes) to output_tx
