[2m2026-05-22T17:32:44.448283Z[0m [32m INFO[0m [2moxiterm_cli[0m[2m:[0m Serving examples/vector_demo.thtml on 0.0.0.0:8022 (web on port 8080)
[2m2026-05-22T17:32:44.448447Z[0m [32m INFO[0m [2moxiterm_server::loader[0m[2m:[0m Loading THTML file: "examples/vector_demo.thtml"
[2m2026-05-22T17:32:44.455624Z[0m [32m INFO[0m [2moxiterm_cli[0m[2m:[0m Hot Reload active for examples/vector_demo.thtml
[2m2026-05-22T17:32:44.456473Z[0m [32m INFO[0m [2moxiterm_server::ssh[0m[2m:[0m SSH server listening on 0.0.0.0:8022
[2m2026-05-22T17:32:44.456660Z[0m [32m INFO[0m [2moxiterm_server::web::web_impl[0m[2m:[0m Web/WS server listening on http://0.0.0.0:8080
[2m2026-05-22T17:32:49.372498Z[0m [32m INFO[0m [2moxiterm_server::ssh::server[0m[2m:[0m Auth attempt for user: slavekm with key: Ed25519(VerifyingKey(CompressedEdwardsY: [159, 239, 27, 110, 30, 15, 237, 70, 69, 30, 6, 1, 242, 118, 229, 21, 41, 122, 142, 70, 112, 245, 124, 70, 99, 216, 238, 191, 209, 206, 122, 130]), EdwardsPoint{
	X: FieldElement51([1498074544495097, 1201466469330916, 1364150835030348, 1291080808227433, 1113144886650040]),
	Y: FieldElement51([1423998254313375, 1759359328102621, 626621305820635, 1180477104502819, 43623665893101]),
	Z: FieldElement51([1, 0, 0, 0, 0]),
	T: FieldElement51([1325389107431585, 1921302150132869, 105712471900020, 986419686018321, 43406899225548])
}))
[2m2026-05-22T17:32:49.373130Z[0m [32m INFO[0m [2moxiterm_server::ssh::server[0m[2m:[0m Opening session on channel: 2
[2m2026-05-22T17:32:49.374364Z[0m [32m INFO[0m [2moxiterm_server::ssh::server[0m[2m:[0m PTY request for channel ChannelId(2): 80x24 (term: xterm-256color)
[2m2026-05-22T17:32:49.374602Z[0m [32m INFO[0m [2moxiterm_server::ssh::server[0m[2m:[0m Shell request on channel: ChannelId(2)
[2m2026-05-22T17:32:49.382828Z[0m [32m INFO[0m [2moxiterm_server::ssh::server[0m[2m:[0m SSH Data received on channel ChannelId(2): len=14, bytes=[27, 91, 63, 54, 49, 59, 49, 59, 50, 49, 59, 50, 50, 99]
[2m2026-05-22T17:32:49.392805Z[0m [33m WARN[0m [2moxiterm_renderer::render::renderer[0m[2m:[0m Failed to render image from "examples/vector_demo.thtml/mascot.svg": Not a directory (os error 20)
[2m2026-05-22T17:32:49.394430Z[0m [32m INFO[0m [2moxiterm_server::session[0m[2m:[0m Received DA1 response: \x1b[?61;1;21;22c
[2m2026-05-22T17:32:49.474700Z[0m [33m WARN[0m [2moxiterm_renderer::render::renderer[0m[2m:[0m Failed to render image from "examples/vector_demo.thtml/mascot.svg": Not a directory (os error 20)
[2m2026-05-22T17:32:49.558165Z[0m [33m WARN[0m [2moxiterm_renderer::render::renderer[0m[2m:[0m Failed to render image from "examples/vector_demo.thtml/mascot.svg": Not a directory (os error 20)
[2m2026-05-22T17:32:49.642803Z[0m [33m WARN[0m [2moxiterm_renderer::render::renderer[0m[2m:[0m Failed to render image from "examples/vector_demo.thtml/mascot.svg": Not a directory (os error 20)
[2m2026-05-22T17:32:49.730618Z[0m [33m WARN[0m [2moxiterm_renderer::render::renderer[0m[2m:[0m Failed to render image from "examples/vector_demo.thtml/mascot.svg": Not a directory (os error 20)
[2m2026-05-22T17:32:49.810638Z[0m [33m WARN[0m [2moxiterm_renderer::render::renderer[0m[2m:[0m Failed to render image from "examples/vector_demo.thtml/mascot.svg": Not a directory (os error 20)
[2m2026-05-22T17:32:49.894593Z[0m [33m WARN[0m [2moxiterm_renderer::render::renderer[0m[2m:[0m Failed to render image from "examples/vector_demo.thtml/mascot.svg": Not a directory (os error 20)
[2m2026-05-22T17:32:49.986262Z[0m [33m WARN[0m [2moxiterm_renderer::render::renderer[0m[2m:[0m Failed to render image from "examples/vector_demo.thtml/mascot.svg": Not a directory (os error 20)
[2m2026-05-22T17:32:50.066313Z[0m [33m WARN[0m [2moxiterm_renderer::render::renderer[0m[2m:[0m Failed to render image from "examples/vector_demo.thtml/mascot.svg": Not a directory (os error 20)
[2m2026-05-22T17:32:50.151623Z[0m [33m WARN[0m [2moxiterm_renderer::render::renderer[0m[2m:[0m Failed to render image from "examples/vector_demo.thtml/mascot.svg": Not a directory (os error 20)
[2m2026-05-22T17:32:50.232073Z[0m [33m WARN[0m [2moxiterm_renderer::render::renderer[0m[2m:[0m Failed to render image from "examples/vector_demo.thtml/mascot.svg": Not a directory (os error 20)
[2m2026-05-22T17:32:50.323030Z[0m [33m WARN[0m [2moxiterm_renderer::render::renderer[0m[2m:[0m Failed to render image from "examples/vector_demo.thtml/mascot.svg": Not a directory (os error 20)
[2m2026-05-22T17:32:50.415067Z[0m [33m WARN[0m [2moxiterm_renderer::render::renderer[0m[2m:[0m Failed to render image from "examples/vector_demo.thtml/mascot.svg": Not a directory (os error 20)
[2m2026-05-22T17:32:50.500680Z[0m [33m WARN[0m [2moxiterm_renderer::render::renderer[0m[2m:[0m Failed to render image from "examples/vector_demo.thtml/mascot.svg": Not a directory (os error 20)
[2m2026-05-22T17:32:50.579683Z[0m [33m WARN[0m [2moxiterm_renderer::render::renderer[0m[2m:[0m Failed to render image from "examples/vector_demo.thtml/mascot.svg": Not a directory (os error 20)
[2m2026-05-22T17:32:50.659826Z[0m [33m WARN[0m [2moxiterm_renderer::render::renderer[0m[2m:[0m Failed to render image from "examples/vector_demo.thtml/mascot.svg": Not a directory (os error 20)
[2m2026-05-22T17:32:50.746331Z[0m [33m WARN[0m [2moxiterm_renderer::render::renderer[0m[2m:[0m Failed to render image from "examples/vector_demo.thtml/mascot.svg": Not a directory (os error 20)
[2m2026-05-22T17:32:50.833602Z[0m [33m WARN[0m [2moxiterm_renderer::render::renderer[0m[2m:[0m Failed to render image from "examples/vector_demo.thtml/mascot.svg": Not a directory (os error 20)
[2m2026-05-22T17:32:50.912632Z[0m [33m WARN[0m [2moxiterm_renderer::render::renderer[0m[2m:[0m Failed to render image from "examples/vector_demo.thtml/mascot.svg": Not a directory (os error 20)
[2m2026-05-22T17:32:50.991425Z[0m [33m WARN[0m [2moxiterm_renderer::render::renderer[0m[2m:[0m Failed to render image from "examples/vector_demo.thtml/mascot.svg": Not a directory (os error 20)
[2m2026-05-22T17:32:51.078532Z[0m [33m WARN[0m [2moxiterm_renderer::render::renderer[0m[2m:[0m Failed to render image from "examples/vector_demo.thtml/mascot.svg": Not a directory (os error 20)
[2m2026-05-22T17:32:51.157148Z[0m [33m WARN[0m [2moxiterm_renderer::render::renderer[0m[2m:[0m Failed to render image from "examples/vector_demo.thtml/mascot.svg": Not a directory (os error 20)
[2m2026-05-22T17:32:51.237496Z[0m [33m WARN[0m [2moxiterm_renderer::render::renderer[0m[2m:[0m Failed to render image from "examples/vector_demo.thtml/mascot.svg": Not a directory (os error 20)
[2m2026-05-22T17:32:51.327406Z[0m [33m WARN[0m [2moxiterm_renderer::render::renderer[0m[2m:[0m Failed to render image from "examples/vector_demo.thtml/mascot.svg": Not a directory (os error 20)
[2m2026-05-22T17:32:51.419400Z[0m [33m WARN[0m [2moxiterm_renderer::render::renderer[0m[2m:[0m Failed to render image from "examples/vector_demo.thtml/mascot.svg": Not a directory (os error 20)
[2m2026-05-22T17:32:51.506889Z[0m [33m WARN[0m [2moxiterm_renderer::render::renderer[0m[2m:[0m Failed to render image from "examples/vector_demo.thtml/mascot.svg": Not a directory (os error 20)
[2m2026-05-22T17:32:51.588552Z[0m [33m WARN[0m [2moxiterm_renderer::render::renderer[0m[2m:[0m Failed to render image from "examples/vector_demo.thtml/mascot.svg": Not a directory (os error 20)
[2m2026-05-22T17:32:51.669261Z[0m [33m WARN[0m [2moxiterm_renderer::render::renderer[0m[2m:[0m Failed to render image from "examples/vector_demo.thtml/mascot.svg": Not a directory (os error 20)
[2m2026-05-22T17:32:51.754706Z[0m [33m WARN[0m [2moxiterm_renderer::render::renderer[0m[2m:[0m Failed to render image from "examples/vector_demo.thtml/mascot.svg": Not a directory (os error 20)
[2m2026-05-22T17:32:51.833758Z[0m [33m WARN[0m [2moxiterm_renderer::render::renderer[0m[2m:[0m Failed to render image from "examples/vector_demo.thtml/mascot.svg": Not a directory (os error 20)
[2m2026-05-22T17:32:51.912640Z[0m [33m WARN[0m [2moxiterm_renderer::render::renderer[0m[2m:[0m Failed to render image from "examples/vector_demo.thtml/mascot.svg": Not a directory (os error 20)
[2m2026-05-22T17:32:52.003602Z[0m [33m WARN[0m [2moxiterm_renderer::render::renderer[0m[2m:[0m Failed to render image from "examples/vector_demo.thtml/mascot.svg": Not a directory (os error 20)
[2m2026-05-22T17:32:52.092774Z[0m [33m WARN[0m [2moxiterm_renderer::render::renderer[0m[2m:[0m Failed to render image from "examples/vector_demo.thtml/mascot.svg": Not a directory (os error 20)
[2m2026-05-22T17:32:52.178789Z[0m [33m WARN[0m [2moxiterm_renderer::render::renderer[0m[2m:[0m Failed to render image from "examples/vector_demo.thtml/mascot.svg": Not a directory (os error 20)
[2m2026-05-22T17:32:52.262289Z[0m [33m WARN[0m [2moxiterm_renderer::render::renderer[0m[2m:[0m Failed to render image from "examples/vector_demo.thtml/mascot.svg": Not a directory (os error 20)
[2m2026-05-22T17:32:52.341593Z[0m [33m WARN[0m [2moxiterm_renderer::render::renderer[0m[2m:[0m Failed to render image from "examples/vector_demo.thtml/mascot.svg": Not a directory (os error 20)
[2m2026-05-22T17:32:52.432237Z[0m [33m WARN[0m [2moxiterm_renderer::render::renderer[0m[2m:[0m Failed to render image from "examples/vector_demo.thtml/mascot.svg": Not a directory (os error 20)
[2m2026-05-22T17:32:52.512623Z[0m [33m WARN[0m [2moxiterm_renderer::render::renderer[0m[2m:[0m Failed to render image from "examples/vector_demo.thtml/mascot.svg": Not a directory (os error 20)
[2m2026-05-22T17:32:52.595879Z[0m [33m WARN[0m [2moxiterm_renderer::render::renderer[0m[2m:[0m Failed to render image from "examples/vector_demo.thtml/mascot.svg": Not a directory (os error 20)
[2m2026-05-22T17:32:52.683694Z[0m [33m WARN[0m [2moxiterm_renderer::render::renderer[0m[2m:[0m Failed to render image from "examples/vector_demo.thtml/mascot.svg": Not a directory (os error 20)
[2m2026-05-22T17:32:52.770556Z[0m [33m WARN[0m [2moxiterm_renderer::render::renderer[0m[2m:[0m Failed to render image from "examples/vector_demo.thtml/mascot.svg": Not a directory (os error 20)
[2m2026-05-22T17:32:52.855690Z[0m [33m WARN[0m [2moxiterm_renderer::render::renderer[0m[2m:[0m Failed to render image from "examples/vector_demo.thtml/mascot.svg": Not a directory (os error 20)
[2m2026-05-22T17:32:52.936414Z[0m [33m WARN[0m [2moxiterm_renderer::render::renderer[0m[2m:[0m Failed to render image from "examples/vector_demo.thtml/mascot.svg": Not a directory (os error 20)
[2m2026-05-22T17:32:53.015351Z[0m [33m WARN[0m [2moxiterm_renderer::render::renderer[0m[2m:[0m Failed to render image from "examples/vector_demo.thtml/mascot.svg": Not a directory (os error 20)
[2m2026-05-22T17:32:53.102208Z[0m [33m WARN[0m [2moxiterm_renderer::render::renderer[0m[2m:[0m Failed to render image from "examples/vector_demo.thtml/mascot.svg": Not a directory (os error 20)
[2m2026-05-22T17:32:53.189292Z[0m [33m WARN[0m [2moxiterm_renderer::render::renderer[0m[2m:[0m Failed to render image from "examples/vector_demo.thtml/mascot.svg": Not a directory (os error 20)
[2m2026-05-22T17:32:53.278635Z[0m [33m WARN[0m [2moxiterm_renderer::render::renderer[0m[2m:[0m Failed to render image from "examples/vector_demo.thtml/mascot.svg": Not a directory (os error 20)
[2m2026-05-22T17:32:53.366249Z[0m [33m WARN[0m [2moxiterm_renderer::render::renderer[0m[2m:[0m Failed to render image from "examples/vector_demo.thtml/mascot.svg": Not a directory (os error 20)
[2m2026-05-22T17:32:53.454120Z[0m [33m WARN[0m [2moxiterm_renderer::render::renderer[0m[2m:[0m Failed to render image from "examples/vector_demo.thtml/mascot.svg": Not a directory (os error 20)
